<?xml version="1.0" encoding="UTF-8"?>
<robot generator="Robot 5.0.1 (Python 3.9.7 on darwin)" generated="20220914 17:48:08.037" rpa="false" schemaversion="3">
<suite id="s1" name="credentialmodalloginBDD" source="/Users/parinitakhond/PycharmProjects/portal-rf-automation/portal_ui/testcases/credentialmodalloginBDD.robot">
<kw name="Include Browser Drivers" library="credentialmodalloginBDD_keywords" type="SETUP">
<kw name="Append To Environment Variable" library="OperatingSystem">
<arg>PATH</arg>
<arg>${EXECDIR}/portal_ui/resources/driver</arg>
<doc>Appends given ``values`` to environment variable ``name``.</doc>
<msg timestamp="20220914 17:48:08.346" level="INFO">Environment variable 'PATH' set to value '/Users/parinitakhond/.local/share/virtualenvs/portal-rf-automation-kJKLnVFC/bin:/Library/Frameworks/Python.framework/Versions/3.9/bin:/usr/local/bin:/usr/bin:/bin:/usr/sbin:/sbin:/Users/parinitakhond/PycharmProjects/portal-rf-automation/portal_ui/resources/driver'.</msg>
<status status="PASS" starttime="20220914 17:48:08.345" endtime="20220914 17:48:08.346"/>
</kw>
<status status="PASS" starttime="20220914 17:48:08.345" endtime="20220914 17:48:08.346"/>
</kw>
<test id="s1-t1" name="Credential Modal verify credentials" line="12">
<kw name="Setup chromedriver" library="credentialmodalloginBDD_keywords">
<kw name="Set Environment Variable" library="OperatingSystem">
<arg>webdriver.chrome.driver</arg>
<arg>${EXECDIR}/portal_ui/resources/driver/chromedriver</arg>
<doc>Sets an environment variable to a specified value.</doc>
<msg timestamp="20220914 17:48:08.347" level="INFO">Environment variable 'webdriver.chrome.driver' set to value '/Users/parinitakhond/PycharmProjects/portal-rf-automation/portal_ui/resources/driver/chromedriver'.</msg>
<status status="PASS" starttime="20220914 17:48:08.347" endtime="20220914 17:48:08.347"/>
</kw>
<kw name="Log" library="BuiltIn">
<arg>${EXECDIR}/portal_ui/resources/driver/chromedriver</arg>
<doc>Logs the given message with the given level.</doc>
<msg timestamp="20220914 17:48:08.348" level="INFO">/Users/parinitakhond/PycharmProjects/portal-rf-automation/portal_ui/resources/driver/chromedriver</msg>
<status status="PASS" starttime="20220914 17:48:08.348" endtime="20220914 17:48:08.348"/>
</kw>
<status status="PASS" starttime="20220914 17:48:08.347" endtime="20220914 17:48:08.348"/>
</kw>
<kw name="Given Asset Comparator Landing page is loaded" library="credentialmodalloginBDD_keywords">
<kw name="Open Browser" library="SeleniumLibrary">
<arg>${url}</arg>
<arg>${browser}</arg>
<doc>Opens a new browser instance to the optional ``url``.</doc>
<msg timestamp="20220914 17:48:08.349" level="INFO">Opening browser 'chrome' to base url 'https://portal.staging.gb.bink.com/asset-comparator'.</msg>
<status status="PASS" starttime="20220914 17:48:08.348" endtime="20220914 17:48:12.643"/>
</kw>
<kw name="Wait Until Page Contains" library="SeleniumLibrary">
<arg>Enter Environment Credentials</arg>
<doc>Waits until ``text`` appears on the current page.</doc>
<status status="PASS" starttime="20220914 17:48:12.644" endtime="20220914 17:48:12.668"/>
</kw>
<kw name="Maximize Browser Window" library="SeleniumLibrary">
<doc>Maximizes current browser window.</doc>
<status status="PASS" starttime="20220914 17:48:12.668" endtime="20220914 17:48:12.860"/>
</kw>
<status status="PASS" starttime="20220914 17:48:08.348" endtime="20220914 17:48:12.860"/>
</kw>
<kw name="When I enter my email address and password in the relevant fields" library="credentialmodalloginBDD_keywords">
<kw name="Wait Until Element Is Visible" library="SeleniumLibrary">
<arg>${txt_loginEmail}</arg>
<doc>Waits until the element ``locator`` is visible.</doc>
<status status="PASS" starttime="20220914 17:48:12.862" endtime="20220914 17:48:12.899"/>
</kw>
<kw name="Input Text" library="SeleniumLibrary">
<arg>${txt_loginEmail}</arg>
<arg>${email}</arg>
<doc>Types the given ``text`` into the text field identified by ``locator``.</doc>
<msg timestamp="20220914 17:48:12.900" level="INFO">Typing text 'testbink123+pl7@gmail.com' into text field 'xpath://input[@id='bink-form-field-credentials-email']'.</msg>
<status status="PASS" starttime="20220914 17:48:12.899" endtime="20220914 17:48:13.048"/>
</kw>
<kw name="Input Password" library="SeleniumLibrary">
<arg>${txt_loginpassword}</arg>
<arg>${password}</arg>
<doc>Types the given password into the text field identified by ``locator``.</doc>
<msg timestamp="20220914 17:48:13.049" level="INFO">Typing password into text field 'xpath://input[@id='bink-form-field-credentials-password']'.</msg>
<msg timestamp="20220914 17:48:13.080" level="INFO">Temporally setting log level to: NONE</msg>
<msg timestamp="20220914 17:48:13.148" level="INFO">Log level changed from NONE to INFO.</msg>
<status status="PASS" starttime="20220914 17:48:13.048" endtime="20220914 17:48:13.148"/>
</kw>
<status status="PASS" starttime="20220914 17:48:12.861" endtime="20220914 17:48:13.148"/>
</kw>
<kw name="And I click verify credentials button" library="credentialmodalloginBDD_keywords">
<kw name="Click Element" library="SeleniumLibrary">
<arg>${btn_verifycredential}</arg>
<doc>Click the element identified by ``locator``.</doc>
<msg timestamp="20220914 17:48:13.149" level="INFO">Clicking element '//div[normalize-space()='Verify Credentials']'.</msg>
<status status="PASS" starttime="20220914 17:48:13.149" endtime="20220914 17:48:13.226"/>
</kw>
<kw name="Sleep" library="BuiltIn">
<arg>2</arg>
<doc>Pauses the test executed for the given time.</doc>
<msg timestamp="20220914 17:48:15.230" level="INFO">Slept 2 seconds</msg>
<status status="PASS" starttime="20220914 17:48:13.227" endtime="20220914 17:48:15.230"/>
</kw>
<status status="PASS" starttime="20220914 17:48:13.149" endtime="20220914 17:48:15.231"/>
</kw>
<kw name="And I can see credentials verified sucessfully in Dev Staging and Production environment" library="credentialmodalloginBDD_keywords">
<kw name="Element Text Should Be" library="SeleniumLibrary">
<arg>${label_Dev_Verified}</arg>
<arg>Verified</arg>
<doc>Verifies that element ``locator`` contains exact the text ``expected``.</doc>
<msg timestamp="20220914 17:48:15.233" level="INFO">Verifying element '//*[@id='modal-download-target']/div[2]/div/div[2]/div/div[1]/div[2]/div[1]/p' contains exact text 'Verified'.</msg>
<status status="PASS" starttime="20220914 17:48:15.233" endtime="20220914 17:48:15.263"/>
</kw>
<kw name="Sleep" library="BuiltIn">
<arg>1</arg>
<doc>Pauses the test executed for the given time.</doc>
<msg timestamp="20220914 17:48:16.263" level="INFO">Slept 1 second</msg>
<status status="PASS" starttime="20220914 17:48:15.263" endtime="20220914 17:48:16.264"/>
</kw>
<kw name="Element Text Should Be" library="SeleniumLibrary">
<arg>${label_Staging_Verified}</arg>
<arg>Verified</arg>
<doc>Verifies that element ``locator`` contains exact the text ``expected``.</doc>
<msg timestamp="20220914 17:48:16.264" level="INFO">Verifying element '//*[@id='modal-download-target']/div[2]/div/div[2]/div/div[2]/div[2]/div[1]/p' contains exact text 'Verified'.</msg>
<status status="PASS" starttime="20220914 17:48:16.264" endtime="20220914 17:48:16.282"/>
</kw>
<kw name="Sleep" library="BuiltIn">
<arg>1</arg>
<doc>Pauses the test executed for the given time.</doc>
<msg timestamp="20220914 17:48:17.285" level="INFO">Slept 1 second</msg>
<status status="PASS" starttime="20220914 17:48:16.282" endtime="20220914 17:48:17.285"/>
</kw>
<kw name="Element Text Should Be" library="SeleniumLibrary">
<arg>${label_Production_Verified}</arg>
<arg>Verified</arg>
<doc>Verifies that element ``locator`` contains exact the text ``expected``.</doc>
<msg timestamp="20220914 17:48:17.287" level="INFO">Verifying element '//*[@id='modal-download-target']/div[2]/div/div[2]/div/div[4]/div[2]/div[1]/p' contains exact text 'Verified'.</msg>
<status status="PASS" starttime="20220914 17:48:17.286" endtime="20220914 17:48:17.314"/>
</kw>
<kw name="Sleep" library="BuiltIn">
<arg>1</arg>
<doc>Pauses the test executed for the given time.</doc>
<msg timestamp="20220914 17:48:18.317" level="INFO">Slept 1 second</msg>
<status status="PASS" starttime="20220914 17:48:17.315" endtime="20220914 17:48:18.318"/>
</kw>
<kw name="Capture Page Screenshot" library="SeleniumLibrary">
<doc>Takes a screenshot of the current page and embeds it into a log file.</doc>
<msg timestamp="20220914 17:48:18.604" level="INFO" html="true">&lt;/td&gt;&lt;/tr&gt;&lt;tr&gt;&lt;td colspan="3"&gt;&lt;a href="selenium-screenshot-21.png"&gt;&lt;img src="selenium-screenshot-21.png" width="800px"&gt;&lt;/a&gt;</msg>
<status status="PASS" starttime="20220914 17:48:18.318" endtime="20220914 17:48:18.604"/>
</kw>
<status status="PASS" starttime="20220914 17:48:15.232" endtime="20220914 17:48:18.604"/>
</kw>
<kw name="Then I close Credential Modal" library="credentialmodalloginBDD_keywords">
<kw name="Click Element" library="SeleniumLibrary">
<arg>${click_closebutton}</arg>
<doc>Click the element identified by ``locator``.</doc>
<msg timestamp="20220914 17:48:18.605" level="INFO">Clicking element '//*[@id='modal-download-target']/div[2]/div/div[1]/button'.</msg>
<status status="PASS" starttime="20220914 17:48:18.605" endtime="20220914 17:48:18.666"/>
</kw>
<kw name="Sleep" library="BuiltIn">
<arg>2</arg>
<doc>Pauses the test executed for the given time.</doc>
<msg timestamp="20220914 17:48:20.669" level="INFO">Slept 2 seconds</msg>
<status status="PASS" starttime="20220914 17:48:18.667" endtime="20220914 17:48:20.670"/>
</kw>
<status status="PASS" starttime="20220914 17:48:18.604" endtime="20220914 17:48:20.670"/>
</kw>
<kw name="Kill Browser" library="credentialmodalloginBDD_keywords" type="TEARDOWN">
<kw name="Close Browser" library="SeleniumLibrary">
<doc>Closes the current browser.</doc>
<status status="PASS" starttime="20220914 17:48:20.672" endtime="20220914 17:48:20.905"/>
</kw>
<status status="PASS" starttime="20220914 17:48:20.671" endtime="20220914 17:48:20.905"/>
</kw>
<status status="PASS" starttime="20220914 17:48:08.346" endtime="20220914 17:48:20.905"/>
</test>
<status status="PASS" starttime="20220914 17:48:08.039" endtime="20220914 17:48:20.909"/>
</suite>
<statistics>
<total>
<stat pass="1" fail="0" skip="0">All Tests</stat>
</total>
<tag>
</tag>
<suite>
<stat pass="1" fail="0" skip="0" id="s1" name="credentialmodalloginBDD">credentialmodalloginBDD</stat>
</suite>
</statistics>
<errors>
</errors>
</robot>
