<?xml version="1.0" encoding="UTF-8"?>
<robot generator="Robot 5.0.1 (Python 3.9.2 on darwin)" generated="20220711 16:40:03.290" rpa="false" schemaversion="3">
<suite id="s1" name="Credentialmodallaunch" source="/Users/navyaannajames/PycharmProjects/Portal/portal-rf-automation/testcases/credentialmodallaunch.robot">
<test id="s1-t1" name="LauchCredentialModal" line="10">
<kw name="Start Browser" library="credentialmodallaunch_keywords" type="SETUP">
<kw name="Open Browser" library="SeleniumLibrary">
<arg>${url}</arg>
<arg>${browser}</arg>
<doc>Opens a new browser instance to the optional ``url``.</doc>
<msg timestamp="20220711 16:40:04.677" level="INFO">Opening browser 'chrome' to base url 'https://portal.staging.gb.bink.com/asset-comparator'.</msg>
<status status="PASS" starttime="20220711 16:40:04.677" endtime="20220711 16:40:15.318"/>
</kw>
<kw name="Maximize Browser Window" library="SeleniumLibrary">
<doc>Maximizes current browser window.</doc>
<status status="PASS" starttime="20220711 16:40:15.323" endtime="20220711 16:40:15.457"/>
</kw>
<status status="PASS" starttime="20220711 16:40:04.677" endtime="20220711 16:40:15.457"/>
</kw>
<kw name="Validation Title" library="credentialmodallaunch_keywords">
<kw name="Title Should Be" library="SeleniumLibrary">
<arg>Bink Portal</arg>
<doc>Verifies that the current page title equals ``title``.</doc>
<msg timestamp="20220711 16:40:15.469" level="INFO">Page title is 'Bink Portal'.</msg>
<status status="PASS" starttime="20220711 16:40:15.462" endtime="20220711 16:40:15.469"/>
</kw>
<status status="PASS" starttime="20220711 16:40:15.462" endtime="20220711 16:40:15.470"/>
</kw>
<kw name="Login Credentials" library="credentialmodallaunch_keywords">
<kw name="Input Text" library="SeleniumLibrary">
<arg>${txt_loginEmail}</arg>
<arg>${email}</arg>
<doc>Types the given ``text`` into the text field identified by ``locator``.</doc>
<msg timestamp="20220711 16:40:15.470" level="INFO">Typing text 'testbink123+pl7@gmail.com' into text field 'xpath://input[@id='bink-form-field-credentials-email']'.</msg>
<status status="PASS" starttime="20220711 16:40:15.470" endtime="20220711 16:40:15.743"/>
</kw>
<kw name="Input Password" library="SeleniumLibrary">
<arg>${txt_loginpassword}</arg>
<arg>${password}</arg>
<doc>Types the given password into the text field identified by ``locator``.</doc>
<msg timestamp="20220711 16:40:15.743" level="INFO">Typing password into text field 'xpath://input[@id='bink-form-field-credentials-password']'.</msg>
<msg timestamp="20220711 16:40:15.765" level="INFO">Temporally setting log level to: NONE</msg>
<msg timestamp="20220711 16:40:15.791" level="INFO">Log level changed from NONE to INFO.</msg>
<status status="PASS" starttime="20220711 16:40:15.743" endtime="20220711 16:40:15.791"/>
</kw>
<kw name="Click Element" library="SeleniumLibrary">
<arg>${btn_credential}</arg>
<doc>Click the element identified by ``locator``.</doc>
<msg timestamp="20220711 16:40:15.791" level="INFO">Clicking element '//div[normalize-space()='Verify Credentials']'.</msg>
<status status="PASS" starttime="20220711 16:40:15.791" endtime="20220711 16:40:15.822"/>
</kw>
<kw name="Sleep" library="BuiltIn">
<arg>5</arg>
<doc>Pauses the test executed for the given time.</doc>
<msg timestamp="20220711 16:40:20.827" level="INFO">Slept 5 seconds</msg>
<status status="PASS" starttime="20220711 16:40:15.825" endtime="20220711 16:40:20.830"/>
</kw>
<status status="PASS" starttime="20220711 16:40:15.470" endtime="20220711 16:40:20.831"/>
</kw>
<kw name="Close Credential Modal" library="credentialmodallaunch_keywords">
<kw name="Sleep" library="BuiltIn">
<arg>2</arg>
<doc>Pauses the test executed for the given time.</doc>
<msg timestamp="20220711 16:40:22.834" level="INFO">Slept 2 seconds</msg>
<status status="PASS" starttime="20220711 16:40:20.833" endtime="20220711 16:40:22.835"/>
</kw>
<kw name="Click Element" library="SeleniumLibrary">
<arg>${click_close}</arg>
<doc>Click the element identified by ``locator``.</doc>
<msg timestamp="20220711 16:40:22.837" level="INFO">Clicking element 'xpath://button[@aria-label='Close']//*[name()='svg']//*[name()='path' and contains(@fill-rule,'evenodd')]'.</msg>
<status status="PASS" starttime="20220711 16:40:22.835" endtime="20220711 16:40:22.916"/>
</kw>
<kw name="Sleep" library="BuiltIn">
<arg>2</arg>
<doc>Pauses the test executed for the given time.</doc>
<msg timestamp="20220711 16:40:24.917" level="INFO">Slept 2 seconds</msg>
<status status="PASS" starttime="20220711 16:40:22.916" endtime="20220711 16:40:24.918"/>
</kw>
<status status="PASS" starttime="20220711 16:40:20.832" endtime="20220711 16:40:24.918"/>
</kw>
<kw name="Kill Browser" library="credentialmodallaunch_keywords" type="TEARDOWN">
<kw name="Close Browser" library="SeleniumLibrary">
<doc>Closes the current browser.</doc>
<status status="PASS" starttime="20220711 16:40:24.921" endtime="20220711 16:40:25.057"/>
</kw>
<status status="PASS" starttime="20220711 16:40:24.919" endtime="20220711 16:40:25.057"/>
</kw>
<status status="PASS" starttime="20220711 16:40:04.676" endtime="20220711 16:40:25.057"/>
</test>
<status status="PASS" starttime="20220711 16:40:03.292" endtime="20220711 16:40:25.061"/>
</suite>
<statistics>
<total>
<stat pass="1" fail="0" skip="0">All Tests</stat>
</total>
<tag>
</tag>
<suite>
<stat pass="1" fail="0" skip="0" id="s1" name="Credentialmodallaunch">Credentialmodallaunch</stat>
</suite>
</statistics>
<errors>
</errors>
</robot>
